[2022-12-11 19:27:23] [INFO   ] cannot read configuration file config.properties trying from resources.
[2022-12-11 19:27:23] [INFO   ] configuration file was loaded from resources directory.
[2022-12-11 19:27:24] [INFO   ] Thread dealer starting.
[2022-12-11 19:27:24] [INFO   ] Thread Player #1 starting.
[2022-12-11 19:27:24] [INFO   ] Thread Player #0 starting.
[2022-12-11 19:27:24] [SEVERE ] placing card 40 in slot 0
[2022-12-11 19:27:24] [SEVERE ] placing card 57 in slot 1
[2022-12-11 19:27:24] [SEVERE ] placing card 11 in slot 2
[2022-12-11 19:27:24] [SEVERE ] placing card 42 in slot 3
[2022-12-11 19:27:25] [SEVERE ] placing card 20 in slot 4
[2022-12-11 19:27:25] [SEVERE ] placing card 43 in slot 5
[2022-12-11 19:27:25] [SEVERE ] placing card 48 in slot 6
[2022-12-11 19:27:25] [SEVERE ] placing card 28 in slot 7
[2022-12-11 19:27:25] [SEVERE ] placing card 35 in slot 8
[2022-12-11 19:27:25] [SEVERE ] placing card 54 in slot 9
[2022-12-11 19:27:25] [SEVERE ] placing card 24 in slot 10
[2022-12-11 19:27:25] [SEVERE ] placing card 75 in slot 11
[2022-12-11 19:27:26] [SEVERE ] Key 65 was pressed by player 0
[2022-12-11 19:27:26] [SEVERE ] player 0 placing token on slot 4
[2022-12-11 19:27:30] [SEVERE ] Key 74 was pressed by player 1
[2022-12-11 19:27:30] [SEVERE ] player 1 placing token on slot 4
[2022-12-11 19:27:35] [SEVERE ] Key 65 was pressed by player 0
[2022-12-11 19:27:35] [SEVERE ] removing player 0 token from slot 4
[2022-12-11 19:27:35] [SEVERE ] Key 65 was pressed by player 0
[2022-12-11 19:27:35] [SEVERE ] player 0 placing token on slot 4
[2022-12-11 19:27:37] [SEVERE ] Key 65 was pressed by player 0
[2022-12-11 19:27:37] [SEVERE ] removing player 0 token from slot 4
[2022-12-11 19:27:37] [SEVERE ] Key 65 was pressed by player 0
[2022-12-11 19:27:37] [SEVERE ] player 0 placing token on slot 4
[2022-12-11 19:27:38] [SEVERE ] Key 65 was pressed by player 0
[2022-12-11 19:27:38] [SEVERE ] removing player 0 token from slot 4
[2022-12-11 19:27:39] [SEVERE ] Key 65 was pressed by player 0
[2022-12-11 19:27:39] [SEVERE ] player 0 placing token on slot 4
[2022-12-11 19:27:42] [SEVERE ] Key 65 was pressed by player 0
[2022-12-11 19:27:42] [SEVERE ] removing player 0 token from slot 4
[2022-12-11 19:27:43] [SEVERE ] Key 65 was pressed by player 0
[2022-12-11 19:27:43] [SEVERE ] player 0 placing token on slot 4
[2022-12-11 19:27:45] [SEVERE ] Key 79 was pressed by player 1
[2022-12-11 19:27:45] [SEVERE ] player 1 placing token on slot 2
[2022-12-11 19:27:48] [SEVERE ] Key 81 was pressed by player 0
[2022-12-11 19:27:48] [SEVERE ] player 0 placing token on slot 0
[2022-12-11 19:27:51] [SEVERE ] Key 67 was pressed by player 0
[2022-12-11 19:27:51] [SEVERE ] player 0 placing token on slot 10
