[2022-12-18 16:46:50] [INFO   ] cannot read configuration file config.properties trying from resources.
[2022-12-18 16:46:50] [INFO   ] configuration file was loaded from resources directory.
[2022-12-18 16:46:51] [INFO   ] Thread dealer starting.
[2022-12-18 16:46:51] [INFO   ] Thread Player #0 starting.
[2022-12-18 16:46:51] [INFO   ] Thread Player #1 starting.
[2022-12-18 16:46:51] [SEVERE ] placing card 57 in slot 0
[2022-12-18 16:46:51] [SEVERE ] placing card 4 in slot 1
[2022-12-18 16:46:51] [SEVERE ] placing card 50 in slot 2
[2022-12-18 16:46:51] [SEVERE ] placing card 49 in slot 3
[2022-12-18 16:46:51] [SEVERE ] placing card 55 in slot 4
[2022-12-18 16:46:51] [SEVERE ] placing card 70 in slot 5
[2022-12-18 16:46:51] [SEVERE ] placing card 65 in slot 6
[2022-12-18 16:46:52] [SEVERE ] placing card 19 in slot 7
[2022-12-18 16:46:52] [SEVERE ] placing card 52 in slot 8
[2022-12-18 16:46:52] [SEVERE ] placing card 10 in slot 9
[2022-12-18 16:46:52] [SEVERE ] placing card 76 in slot 10
[2022-12-18 16:46:52] [SEVERE ] placing card 44 in slot 11
[2022-12-18 16:47:53] [SEVERE ] removing card from slot 0
[2022-12-18 16:47:53] [SEVERE ] removing card from slot 1
[2022-12-18 16:47:53] [SEVERE ] removing card from slot 2
[2022-12-18 16:47:53] [SEVERE ] removing card from slot 3
[2022-12-18 16:47:54] [SEVERE ] removing card from slot 4
[2022-12-18 16:47:54] [SEVERE ] removing card from slot 5
[2022-12-18 16:47:54] [SEVERE ] removing card from slot 6
[2022-12-18 16:47:54] [SEVERE ] removing card from slot 7
[2022-12-18 16:47:54] [SEVERE ] removing card from slot 8
[2022-12-18 16:47:54] [SEVERE ] removing card from slot 9
[2022-12-18 16:47:54] [SEVERE ] removing card from slot 10
[2022-12-18 16:47:54] [SEVERE ] removing card from slot 11
[2022-12-18 16:47:54] [SEVERE ] placing card 44 in slot 0
[2022-12-18 16:47:55] [SEVERE ] placing card 76 in slot 1
[2022-12-18 16:47:55] [SEVERE ] placing card 10 in slot 2
[2022-12-18 16:47:55] [SEVERE ] placing card 52 in slot 3
[2022-12-18 16:47:55] [SEVERE ] placing card 19 in slot 4
[2022-12-18 16:47:55] [SEVERE ] placing card 65 in slot 5
[2022-12-18 16:47:55] [SEVERE ] placing card 70 in slot 6
[2022-12-18 16:47:55] [SEVERE ] placing card 55 in slot 7
[2022-12-18 16:47:55] [SEVERE ] placing card 49 in slot 8
[2022-12-18 16:47:55] [SEVERE ] placing card 50 in slot 9
[2022-12-18 16:47:56] [SEVERE ] placing card 4 in slot 10
[2022-12-18 16:47:56] [SEVERE ] placing card 57 in slot 11
