[2022-12-11 19:34:43] [INFO   ] cannot read configuration file config.properties trying from resources.
[2022-12-11 19:34:43] [INFO   ] configuration file was loaded from resources directory.
[2022-12-11 19:34:44] [INFO   ] Thread dealer starting.
[2022-12-11 19:34:44] [INFO   ] Thread Player #0 starting.
[2022-12-11 19:34:44] [INFO   ] Thread Player #1 starting.
[2022-12-11 19:34:45] [SEVERE ] placing card 39 in slot 0
[2022-12-11 19:34:45] [SEVERE ] placing card 15 in slot 1
[2022-12-11 19:34:45] [SEVERE ] placing card 61 in slot 2
[2022-12-11 19:34:45] [SEVERE ] placing card 63 in slot 3
[2022-12-11 19:34:45] [SEVERE ] placing card 45 in slot 4
[2022-12-11 19:34:45] [SEVERE ] placing card 70 in slot 5
[2022-12-11 19:34:45] [SEVERE ] placing card 42 in slot 6
[2022-12-11 19:34:45] [SEVERE ] placing card 78 in slot 7
[2022-12-11 19:34:45] [SEVERE ] placing card 46 in slot 8
[2022-12-11 19:34:46] [SEVERE ] placing card 21 in slot 9
[2022-12-11 19:34:46] [SEVERE ] placing card 54 in slot 10
[2022-12-11 19:34:46] [SEVERE ] placing card 27 in slot 11
[2022-12-11 19:34:47] [SEVERE ] Key 81 was pressed by player 0
[2022-12-11 19:34:47] [SEVERE ] player 0 placing token on slot 0
[2022-12-11 19:34:47] [SEVERE ] Key 65 was pressed by player 0
[2022-12-11 19:34:47] [SEVERE ] player 0 placing token on slot 4
[2022-12-11 19:34:47] [SEVERE ] Key 90 was pressed by player 0
[2022-12-11 19:34:47] [SEVERE ] player 0 placing token on slot 8
[2022-12-11 19:34:47] [SEVERE ] setting player 0 freeze to 3000
[2022-12-11 19:34:58] [SEVERE ] Key 81 was pressed by player 0
[2022-12-11 19:34:58] [SEVERE ] removing player 0 token from slot 0
[2022-12-11 19:34:58] [SEVERE ] Key 81 was pressed by player 0
[2022-12-11 19:34:58] [SEVERE ] player 0 placing token on slot 0
[2022-12-11 19:34:58] [SEVERE ] setting player 0 freeze to 3000
[2022-12-11 19:34:59] [SEVERE ] Key 81 was pressed by player 0
[2022-12-11 19:35:00] [SEVERE ] Key 81 was pressed by player 0
[2022-12-11 19:35:00] [SEVERE ] Key 81 was pressed by player 0
[2022-12-11 19:35:01] [SEVERE ] Key 81 was pressed by player 0
[2022-12-11 19:35:01] [SEVERE ] Key 81 was pressed by player 0
