[2022-12-11 19:36:17] [INFO   ] cannot read configuration file config.properties trying from resources.
[2022-12-11 19:36:17] [INFO   ] configuration file was loaded from resources directory.
[2022-12-11 19:36:18] [INFO   ] Thread dealer starting.
[2022-12-11 19:36:18] [INFO   ] Thread Player #0 starting.
[2022-12-11 19:36:18] [INFO   ] Thread Player #1 starting.
[2022-12-11 19:36:18] [SEVERE ] placing card 7 in slot 0
[2022-12-11 19:36:18] [SEVERE ] placing card 49 in slot 1
[2022-12-11 19:36:18] [SEVERE ] placing card 75 in slot 2
[2022-12-11 19:36:19] [SEVERE ] placing card 68 in slot 3
[2022-12-11 19:36:19] [SEVERE ] placing card 55 in slot 4
[2022-12-11 19:36:19] [SEVERE ] placing card 32 in slot 5
[2022-12-11 19:36:19] [SEVERE ] placing card 58 in slot 6
[2022-12-11 19:36:19] [SEVERE ] placing card 70 in slot 7
[2022-12-11 19:36:19] [SEVERE ] placing card 74 in slot 8
[2022-12-11 19:36:19] [SEVERE ] placing card 66 in slot 9
[2022-12-11 19:36:19] [SEVERE ] placing card 37 in slot 10
[2022-12-11 19:36:19] [SEVERE ] placing card 50 in slot 11
[2022-12-11 19:36:21] [SEVERE ] Key 81 was pressed by player 0
[2022-12-11 19:36:21] [SEVERE ] player 0 placing token on slot 0
[2022-12-11 19:36:21] [SEVERE ] Key 65 was pressed by player 0
[2022-12-11 19:36:21] [SEVERE ] player 0 placing token on slot 4
[2022-12-11 19:36:22] [SEVERE ] Key 90 was pressed by player 0
[2022-12-11 19:36:22] [SEVERE ] player 0 placing token on slot 8
[2022-12-11 19:36:22] [SEVERE ] setting player 0 freeze to 3000
[2022-12-11 19:36:23] [SEVERE ] Key 65 was pressed by player 0
[2022-12-11 19:36:23] [SEVERE ] Key 65 was pressed by player 0
[2022-12-11 19:36:23] [SEVERE ] Key 65 was pressed by player 0
[2022-12-11 19:36:23] [SEVERE ] Key 65 was pressed by player 0
[2022-12-11 19:36:24] [SEVERE ] Key 65 was pressed by player 0
[2022-12-11 19:36:24] [SEVERE ] Key 65 was pressed by player 0
[2022-12-11 19:36:24] [SEVERE ] Key 65 was pressed by player 0
[2022-12-11 19:36:24] [SEVERE ] Key 65 was pressed by player 0
[2022-12-11 19:36:25] [SEVERE ] Key 65 was pressed by player 0
[2022-12-11 19:36:25] [SEVERE ] removing player 0 token from slot 4
[2022-12-11 19:36:26] [SEVERE ] Key 65 was pressed by player 0
[2022-12-11 19:36:26] [SEVERE ] player 0 placing token on slot 4
[2022-12-11 19:36:26] [SEVERE ] setting player 0 freeze to 3000
[2022-12-11 19:36:27] [SEVERE ] Key 65 was pressed by player 0
[2022-12-11 19:36:27] [SEVERE ] Key 65 was pressed by player 0
[2022-12-11 19:36:29] [SEVERE ] Key 65 was pressed by player 0
[2022-12-11 19:36:33] [SEVERE ] Key 90 was pressed by player 0
[2022-12-11 19:36:33] [SEVERE ] removing player 0 token from slot 4
[2022-12-11 19:36:35] [SEVERE ] Key 65 was pressed by player 0
[2022-12-11 19:36:35] [SEVERE ] removing player 0 token from slot 8
[2022-12-11 19:36:39] [SEVERE ] Key 90 was pressed by player 0
[2022-12-11 19:36:39] [SEVERE ] player 0 placing token on slot 4
[2022-12-11 19:36:42] [SEVERE ] Key 90 was pressed by player 0
[2022-12-11 19:36:45] [SEVERE ] Key 90 was pressed by player 0
[2022-12-11 19:36:45] [SEVERE ] player 0 placing token on slot 8
[2022-12-11 19:36:45] [SEVERE ] setting player 0 freeze to 3000
[2022-12-11 19:36:46] [SEVERE ] Key 65 was pressed by player 0
[2022-12-11 19:36:47] [SEVERE ] Key 65 was pressed by player 0
