[2022-12-11 19:34:04] [INFO   ] cannot read configuration file config.properties trying from resources.
[2022-12-11 19:34:04] [INFO   ] configuration file was loaded from resources directory.
[2022-12-11 19:34:05] [INFO   ] Thread dealer starting.
[2022-12-11 19:34:05] [INFO   ] Thread Player #0 starting.
[2022-12-11 19:34:05] [INFO   ] Thread Player #1 starting.
[2022-12-11 19:34:05] [SEVERE ] placing card 24 in slot 0
[2022-12-11 19:34:05] [SEVERE ] placing card 60 in slot 1
[2022-12-11 19:34:05] [SEVERE ] placing card 1 in slot 2
[2022-12-11 19:34:06] [SEVERE ] placing card 34 in slot 3
[2022-12-11 19:34:06] [SEVERE ] placing card 11 in slot 4
[2022-12-11 19:34:06] [SEVERE ] placing card 18 in slot 5
[2022-12-11 19:34:06] [SEVERE ] placing card 28 in slot 6
[2022-12-11 19:34:06] [SEVERE ] placing card 57 in slot 7
[2022-12-11 19:34:06] [SEVERE ] placing card 62 in slot 8
[2022-12-11 19:34:06] [SEVERE ] placing card 66 in slot 9
[2022-12-11 19:34:06] [SEVERE ] placing card 43 in slot 10
[2022-12-11 19:34:06] [SEVERE ] placing card 61 in slot 11
[2022-12-11 19:34:08] [SEVERE ] Key 81 was pressed by player 0
[2022-12-11 19:34:08] [SEVERE ] player 0 placing token on slot 0
[2022-12-11 19:34:08] [SEVERE ] Key 65 was pressed by player 0
[2022-12-11 19:34:08] [SEVERE ] player 0 placing token on slot 4
[2022-12-11 19:34:09] [SEVERE ] Key 90 was pressed by player 0
[2022-12-11 19:34:09] [SEVERE ] player 0 placing token on slot 8
[2022-12-11 19:34:09] [INFO   ] Thread main terminated.
