[2022-12-18 16:44:34] [INFO   ] cannot read configuration file config.properties trying from resources.
[2022-12-18 16:44:34] [INFO   ] configuration file was loaded from resources directory.
[2022-12-18 16:44:35] [INFO   ] Thread dealer starting.
[2022-12-18 16:44:35] [INFO   ] Thread Player #0 starting.
[2022-12-18 16:44:35] [INFO   ] Thread Player #1 starting.
[2022-12-18 16:44:35] [SEVERE ] placing card 73 in slot 0
[2022-12-18 16:44:36] [SEVERE ] placing card 46 in slot 1
[2022-12-18 16:44:36] [SEVERE ] placing card 47 in slot 2
[2022-12-18 16:44:36] [SEVERE ] placing card 4 in slot 3
[2022-12-18 16:44:36] [SEVERE ] placing card 3 in slot 4
[2022-12-18 16:44:36] [SEVERE ] placing card 35 in slot 5
[2022-12-18 16:44:36] [SEVERE ] placing card 38 in slot 6
[2022-12-18 16:44:36] [SEVERE ] placing card 74 in slot 7
[2022-12-18 16:44:36] [SEVERE ] placing card 9 in slot 8
[2022-12-18 16:44:36] [SEVERE ] placing card 27 in slot 9
[2022-12-18 16:44:37] [SEVERE ] placing card 34 in slot 10
[2022-12-18 16:44:37] [SEVERE ] placing card 54 in slot 11
[2022-12-18 16:45:38] [SEVERE ] removing card from slot 0
[2022-12-18 16:45:38] [SEVERE ] removing card from slot 1
[2022-12-18 16:45:38] [SEVERE ] removing card from slot 2
[2022-12-18 16:45:38] [SEVERE ] removing card from slot 3
[2022-12-18 16:45:38] [SEVERE ] removing card from slot 4
[2022-12-18 16:45:38] [SEVERE ] removing card from slot 5
[2022-12-18 16:45:38] [SEVERE ] removing card from slot 6
[2022-12-18 16:45:39] [SEVERE ] removing card from slot 7
[2022-12-18 16:45:39] [SEVERE ] removing card from slot 8
[2022-12-18 16:45:39] [SEVERE ] removing card from slot 9
[2022-12-18 16:45:39] [SEVERE ] removing card from slot 10
[2022-12-18 16:45:39] [SEVERE ] removing card from slot 11
[2022-12-18 16:45:39] [SEVERE ] placing card 54 in slot 0
[2022-12-18 16:45:39] [SEVERE ] placing card 34 in slot 1
[2022-12-18 16:45:39] [SEVERE ] placing card 27 in slot 2
[2022-12-18 16:45:39] [SEVERE ] placing card 9 in slot 3
[2022-12-18 16:45:40] [SEVERE ] placing card 74 in slot 4
[2022-12-18 16:45:40] [SEVERE ] placing card 38 in slot 5
[2022-12-18 16:45:40] [SEVERE ] placing card 35 in slot 6
[2022-12-18 16:45:40] [SEVERE ] placing card 3 in slot 7
[2022-12-18 16:45:40] [SEVERE ] placing card 4 in slot 8
[2022-12-18 16:45:40] [SEVERE ] placing card 47 in slot 9
[2022-12-18 16:45:40] [SEVERE ] placing card 46 in slot 10
[2022-12-18 16:45:40] [SEVERE ] placing card 73 in slot 11
[2022-12-18 16:46:00] [SEVERE ] Key 65 was pressed by player 0
[2022-12-18 16:46:00] [SEVERE ] player 0 placing token on slot 4
[2022-12-18 16:46:00] [SEVERE ] Key 83 was pressed by player 0
[2022-12-18 16:46:00] [SEVERE ] player 0 placing token on slot 5
[2022-12-18 16:46:00] [SEVERE ] Key 68 was pressed by player 0
[2022-12-18 16:46:00] [SEVERE ] player 0 placing token on slot 6
[2022-12-18 16:46:00] [SEVERE ] setting player 0 freeze to 3000
[2022-12-18 16:46:00] [SEVERE ] Key 83 was pressed by player 0
[2022-12-18 16:46:00] [SEVERE ] Key 65 was pressed by player 0
