[2022-12-11 19:32:50] [INFO   ] cannot read configuration file config.properties trying from resources.
[2022-12-11 19:32:50] [INFO   ] configuration file was loaded from resources directory.
[2022-12-11 19:32:51] [INFO   ] Thread dealer starting.
[2022-12-11 19:32:51] [INFO   ] Thread Player #0 starting.
[2022-12-11 19:32:51] [INFO   ] Thread Player #1 starting.
[2022-12-11 19:32:51] [SEVERE ] placing card 20 in slot 0
[2022-12-11 19:32:51] [SEVERE ] placing card 8 in slot 1
[2022-12-11 19:32:51] [SEVERE ] placing card 10 in slot 2
[2022-12-11 19:32:51] [SEVERE ] placing card 13 in slot 3
[2022-12-11 19:32:51] [SEVERE ] placing card 76 in slot 4
[2022-12-11 19:32:51] [SEVERE ] placing card 14 in slot 5
[2022-12-11 19:32:51] [SEVERE ] placing card 66 in slot 6
[2022-12-11 19:32:51] [SEVERE ] placing card 12 in slot 7
[2022-12-11 19:32:52] [SEVERE ] placing card 41 in slot 8
[2022-12-11 19:32:52] [SEVERE ] placing card 24 in slot 9
[2022-12-11 19:32:52] [SEVERE ] placing card 21 in slot 10
[2022-12-11 19:32:52] [SEVERE ] placing card 52 in slot 11
[2022-12-11 19:32:53] [SEVERE ] Key 81 was pressed by player 0
[2022-12-11 19:32:53] [SEVERE ] player 0 placing token on slot 0
[2022-12-11 19:32:53] [SEVERE ] Key 65 was pressed by player 0
[2022-12-11 19:32:53] [SEVERE ] player 0 placing token on slot 4
[2022-12-11 19:32:53] [SEVERE ] Key 90 was pressed by player 0
[2022-12-11 19:32:53] [SEVERE ] player 0 placing token on slot 8
[2022-12-11 19:32:53] [INFO   ] Thread main terminated.
