[2022-12-19 16:18:56] [INFO   ] cannot read configuration file config.properties trying from resources.
[2022-12-19 16:18:56] [INFO   ] configuration file was loaded from resources directory.
[2022-12-19 16:18:58] [INFO   ] Thread dealer starting.
[2022-12-19 16:18:58] [INFO   ] Thread Player #1 starting.
[2022-12-19 16:18:58] [INFO   ] Thread Player #0 starting.
[2022-12-19 16:18:58] [SEVERE ] placing card 59 in slot 0
[2022-12-19 16:18:58] [SEVERE ] placing card 34 in slot 1
[2022-12-19 16:18:58] [SEVERE ] placing card 20 in slot 2
[2022-12-19 16:18:58] [SEVERE ] placing card 76 in slot 3
[2022-12-19 16:18:58] [SEVERE ] placing card 33 in slot 4
[2022-12-19 16:18:58] [SEVERE ] placing card 73 in slot 5
[2022-12-19 16:18:58] [SEVERE ] placing card 10 in slot 6
[2022-12-19 16:18:58] [SEVERE ] placing card 54 in slot 7
[2022-12-19 16:18:59] [SEVERE ] placing card 65 in slot 8
[2022-12-19 16:18:59] [SEVERE ] placing card 60 in slot 9
[2022-12-19 16:18:59] [SEVERE ] placing card 11 in slot 10
[2022-12-19 16:18:59] [SEVERE ] placing card 49 in slot 11
[2022-12-19 16:19:08] [SEVERE ] Key 68 was pressed by player 0
[2022-12-19 16:19:08] [SEVERE ] player 0 placing token on slot 6
[2022-12-19 16:19:09] [SEVERE ] Key 87 was pressed by player 0
[2022-12-19 16:19:09] [SEVERE ] player 0 placing token on slot 1
[2022-12-19 16:19:11] [SEVERE ] Key 82 was pressed by player 0
[2022-12-19 16:19:11] [SEVERE ] player 0 placing token on slot 3
[2022-12-19 16:19:11] [SEVERE ] removing player 0 token from slot 6
[2022-12-19 16:19:11] [SEVERE ] removing card from slot 6
[2022-12-19 16:19:11] [SEVERE ] removing player 0 token from slot 1
[2022-12-19 16:19:11] [SEVERE ] removing card from slot 1
[2022-12-19 16:19:11] [SEVERE ] removing player 0 token from slot 3
[2022-12-19 16:19:11] [SEVERE ] removing card from slot 3
[2022-12-19 16:19:11] [SEVERE ] setting player 0 score to 1
[2022-12-19 16:19:11] [SEVERE ] setting player 0 freeze to 1000
[2022-12-19 16:19:11] [SEVERE ] placing card 72 in slot 1
[2022-12-19 16:19:11] [SEVERE ] placing card 75 in slot 3
[2022-12-19 16:19:11] [SEVERE ] placing card 64 in slot 6
[2022-12-19 16:19:34] [SEVERE ] Key 88 was pressed by player 0
[2022-12-19 16:19:34] [SEVERE ] player 0 placing token on slot 9
[2022-12-19 16:19:35] [SEVERE ] Key 67 was pressed by player 0
[2022-12-19 16:19:35] [SEVERE ] player 0 placing token on slot 10
[2022-12-19 16:19:35] [SEVERE ] Key 86 was pressed by player 0
[2022-12-19 16:19:35] [SEVERE ] player 0 placing token on slot 11
[2022-12-19 16:19:35] [SEVERE ] removing player 0 token from slot 9
[2022-12-19 16:19:35] [SEVERE ] removing card from slot 9
[2022-12-19 16:19:35] [SEVERE ] removing player 0 token from slot 10
[2022-12-19 16:19:35] [SEVERE ] removing card from slot 10
[2022-12-19 16:19:35] [SEVERE ] removing player 0 token from slot 11
[2022-12-19 16:19:35] [SEVERE ] removing card from slot 11
[2022-12-19 16:19:35] [SEVERE ] setting player 0 score to 2
[2022-12-19 16:19:35] [SEVERE ] setting player 0 freeze to 1000
[2022-12-19 16:19:35] [SEVERE ] placing card 48 in slot 9
[2022-12-19 16:19:35] [SEVERE ] placing card 25 in slot 10
[2022-12-19 16:19:36] [SEVERE ] placing card 61 in slot 11
[2022-12-19 16:19:53] [SEVERE ] Key 90 was pressed by player 0
[2022-12-19 16:19:53] [SEVERE ] player 0 placing token on slot 8
[2022-12-19 16:19:58] [SEVERE ] Key 83 was pressed by player 0
[2022-12-19 16:19:58] [SEVERE ] player 0 placing token on slot 5
[2022-12-19 16:20:00] [SEVERE ] Key 70 was pressed by player 0
[2022-12-19 16:20:00] [SEVERE ] player 0 placing token on slot 7
[2022-12-19 16:20:00] [SEVERE ] removing player 0 token from slot 8
[2022-12-19 16:20:00] [SEVERE ] removing card from slot 8
[2022-12-19 16:20:00] [SEVERE ] removing player 0 token from slot 5
[2022-12-19 16:20:00] [SEVERE ] removing card from slot 5
[2022-12-19 16:20:00] [SEVERE ] removing player 0 token from slot 7
[2022-12-19 16:20:00] [SEVERE ] removing card from slot 7
[2022-12-19 16:20:00] [SEVERE ] setting player 0 score to 3
[2022-12-19 16:20:00] [SEVERE ] setting player 0 freeze to 1000
[2022-12-19 16:20:00] [SEVERE ] placing card 63 in slot 5
[2022-12-19 16:20:00] [SEVERE ] placing card 70 in slot 7
[2022-12-19 16:20:01] [SEVERE ] placing card 71 in slot 8
[2022-12-19 16:21:02] [SEVERE ] removing card from slot 0
[2022-12-19 16:21:02] [SEVERE ] removing card from slot 1
[2022-12-19 16:21:02] [SEVERE ] removing card from slot 2
[2022-12-19 16:21:02] [SEVERE ] removing card from slot 3
[2022-12-19 16:21:02] [SEVERE ] removing card from slot 4
[2022-12-19 16:21:02] [SEVERE ] removing card from slot 5
[2022-12-19 16:21:02] [SEVERE ] removing card from slot 6
[2022-12-19 16:21:02] [SEVERE ] removing card from slot 7
[2022-12-19 16:21:03] [SEVERE ] removing card from slot 8
[2022-12-19 16:21:03] [SEVERE ] removing card from slot 9
[2022-12-19 16:21:03] [SEVERE ] removing card from slot 10
[2022-12-19 16:21:03] [SEVERE ] removing card from slot 11
[2022-12-19 16:21:03] [SEVERE ] placing card 61 in slot 0
[2022-12-19 16:21:03] [SEVERE ] placing card 25 in slot 1
[2022-12-19 16:21:03] [SEVERE ] placing card 48 in slot 2
[2022-12-19 16:21:03] [SEVERE ] placing card 71 in slot 3
[2022-12-19 16:21:03] [SEVERE ] placing card 70 in slot 4
[2022-12-19 16:21:04] [SEVERE ] placing card 64 in slot 5
[2022-12-19 16:21:04] [SEVERE ] placing card 63 in slot 6
[2022-12-19 16:21:04] [SEVERE ] placing card 33 in slot 7
[2022-12-19 16:21:04] [SEVERE ] placing card 75 in slot 8
[2022-12-19 16:21:04] [SEVERE ] placing card 20 in slot 9
[2022-12-19 16:21:04] [SEVERE ] placing card 72 in slot 10
[2022-12-19 16:21:04] [SEVERE ] placing card 59 in slot 11
