[2022-12-11 19:10:42] [INFO   ] cannot read configuration file config.properties trying from resources.
[2022-12-11 19:10:42] [INFO   ] configuration file was loaded from resources directory.
[2022-12-11 19:10:43] [INFO   ] Thread dealer starting.
[2022-12-11 19:10:43] [INFO   ] Thread Player #0 starting.
[2022-12-11 19:10:43] [INFO   ] Thread Player #1 starting.
[2022-12-11 19:10:43] [SEVERE ] placing card 64 in slot 0
[2022-12-11 19:10:43] [SEVERE ] placing card 5 in slot 1
[2022-12-11 19:10:43] [SEVERE ] placing card 73 in slot 2
[2022-12-11 19:10:43] [SEVERE ] placing card 29 in slot 3
[2022-12-11 19:10:43] [SEVERE ] placing card 76 in slot 4
[2022-12-11 19:10:43] [SEVERE ] placing card 3 in slot 5
[2022-12-11 19:10:43] [SEVERE ] placing card 60 in slot 6
[2022-12-11 19:10:43] [SEVERE ] placing card 38 in slot 7
[2022-12-11 19:10:44] [SEVERE ] placing card 46 in slot 8
[2022-12-11 19:10:44] [SEVERE ] placing card 32 in slot 9
[2022-12-11 19:10:44] [SEVERE ] placing card 0 in slot 10
[2022-12-11 19:10:44] [SEVERE ] placing card 25 in slot 11
[2022-12-11 19:10:46] [SEVERE ] Key 65 was pressed by player 0
[2022-12-11 19:10:48] [SEVERE ] Key 65 was pressed by player 0
[2022-12-11 19:10:48] [SEVERE ] Key 83 was pressed by player 0
[2022-12-11 19:10:48] [SEVERE ] Key 87 was pressed by player 0
[2022-12-11 19:10:48] [SEVERE ] Key 81 was pressed by player 0
