[2022-12-11 19:36:56] [INFO   ] cannot read configuration file config.properties trying from resources.
[2022-12-11 19:36:56] [INFO   ] configuration file was loaded from resources directory.
[2022-12-11 19:36:57] [INFO   ] Thread dealer starting.
[2022-12-11 19:36:57] [INFO   ] Thread Player #0 starting.
[2022-12-11 19:36:57] [INFO   ] Thread Player #1 starting.
[2022-12-11 19:36:57] [SEVERE ] placing card 40 in slot 0
[2022-12-11 19:36:58] [SEVERE ] placing card 38 in slot 1
[2022-12-11 19:36:58] [SEVERE ] placing card 55 in slot 2
[2022-12-11 19:36:58] [SEVERE ] placing card 61 in slot 3
[2022-12-11 19:36:58] [SEVERE ] placing card 51 in slot 4
[2022-12-11 19:36:58] [SEVERE ] placing card 64 in slot 5
[2022-12-11 19:36:58] [SEVERE ] placing card 79 in slot 6
[2022-12-11 19:36:58] [SEVERE ] placing card 46 in slot 7
[2022-12-11 19:36:58] [SEVERE ] placing card 13 in slot 8
[2022-12-11 19:36:58] [SEVERE ] placing card 25 in slot 9
[2022-12-11 19:36:59] [SEVERE ] placing card 15 in slot 10
[2022-12-11 19:36:59] [SEVERE ] placing card 5 in slot 11
[2022-12-11 19:37:29] [SEVERE ] Key 86 was pressed by player 0
[2022-12-11 19:37:29] [SEVERE ] player 0 placing token on slot 11
[2022-12-11 19:37:30] [SEVERE ] Key 65 was pressed by player 0
[2022-12-11 19:37:30] [SEVERE ] player 0 placing token on slot 4
[2022-12-11 19:37:34] [SEVERE ] Key 83 was pressed by player 0
[2022-12-11 19:37:34] [SEVERE ] player 0 placing token on slot 5
[2022-12-11 19:37:34] [SEVERE ] removing player 0 token from slot 11
[2022-12-11 19:37:34] [INFO   ] Thread main terminated.
