[2022-12-11 19:09:16] [INFO   ] cannot read configuration file config.properties trying from resources.
[2022-12-11 19:09:16] [INFO   ] configuration file was loaded from resources directory.
[2022-12-11 19:09:17] [INFO   ] Thread dealer starting.
[2022-12-11 19:09:17] [INFO   ] Thread Player #0 starting.
[2022-12-11 19:09:17] [INFO   ] Thread Player #1 starting.
[2022-12-11 19:09:17] [SEVERE ] placing card 12 in slot 0
[2022-12-11 19:09:17] [SEVERE ] placing card 61 in slot 1
[2022-12-11 19:09:17] [SEVERE ] placing card 67 in slot 2
[2022-12-11 19:09:17] [SEVERE ] placing card 15 in slot 3
[2022-12-11 19:09:17] [SEVERE ] placing card 63 in slot 4
[2022-12-11 19:09:17] [SEVERE ] placing card 76 in slot 5
[2022-12-11 19:09:17] [SEVERE ] placing card 21 in slot 6
[2022-12-11 19:09:17] [SEVERE ] placing card 31 in slot 7
[2022-12-11 19:09:18] [SEVERE ] placing card 77 in slot 8
[2022-12-11 19:09:18] [SEVERE ] placing card 50 in slot 9
[2022-12-11 19:09:18] [SEVERE ] placing card 19 in slot 10
[2022-12-11 19:09:18] [SEVERE ] placing card 5 in slot 11
[2022-12-11 19:09:21] [SEVERE ] Key 81 was pressed by player 0
[2022-12-11 19:09:24] [SEVERE ] Key 65 was pressed by player 0
[2022-12-11 19:09:25] [SEVERE ] Key 83 was pressed by player 0
[2022-12-11 19:09:25] [SEVERE ] Key 68 was pressed by player 0
[2022-12-11 19:09:26] [SEVERE ] Key 75 was pressed by player 1
[2022-12-11 19:09:26] [SEVERE ] Key 74 was pressed by player 1
[2022-12-11 19:09:27] [SEVERE ] Key 85 was pressed by player 1
[2022-12-11 19:09:27] [SEVERE ] Key 67 was pressed by player 0
[2022-12-11 19:09:28] [SEVERE ] Key 65 was pressed by player 0
[2022-12-11 19:09:28] [SEVERE ] Key 87 was pressed by player 0
[2022-12-11 19:09:29] [SEVERE ] Key 83 was pressed by player 0
[2022-12-11 19:09:29] [SEVERE ] Key 75 was pressed by player 1
[2022-12-11 19:09:29] [SEVERE ] Key 74 was pressed by player 1
[2022-12-11 19:09:29] [SEVERE ] Key 70 was pressed by player 0
[2022-12-11 19:09:29] [SEVERE ] Key 83 was pressed by player 0
[2022-12-11 19:09:29] [SEVERE ] Key 65 was pressed by player 0
[2022-12-11 19:09:29] [SEVERE ] Key 75 was pressed by player 1
[2022-12-11 19:09:29] [SEVERE ] Key 74 was pressed by player 1
[2022-12-11 19:09:29] [SEVERE ] Key 74 was pressed by player 1
[2022-12-11 19:09:29] [SEVERE ] Key 65 was pressed by player 0
[2022-12-11 19:09:29] [SEVERE ] Key 83 was pressed by player 0
[2022-12-11 19:09:29] [SEVERE ] Key 75 was pressed by player 1
[2022-12-11 19:09:29] [SEVERE ] Key 73 was pressed by player 1
[2022-12-11 19:09:29] [SEVERE ] Key 79 was pressed by player 1
[2022-12-11 19:09:29] [SEVERE ] Key 65 was pressed by player 0
[2022-12-11 19:09:29] [SEVERE ] Key 83 was pressed by player 0
[2022-12-11 19:09:30] [SEVERE ] Key 70 was pressed by player 0
[2022-12-11 19:09:30] [SEVERE ] Key 75 was pressed by player 1
[2022-12-11 19:09:30] [SEVERE ] Key 83 was pressed by player 0
[2022-12-11 19:09:30] [SEVERE ] Key 83 was pressed by player 0
[2022-12-11 19:09:30] [SEVERE ] Key 75 was pressed by player 1
[2022-12-11 19:09:30] [SEVERE ] Key 75 was pressed by player 1
[2022-12-11 19:09:30] [SEVERE ] Key 68 was pressed by player 0
[2022-12-11 19:09:30] [SEVERE ] Key 65 was pressed by player 0
[2022-12-11 19:09:30] [SEVERE ] Key 83 was pressed by player 0
[2022-12-11 19:09:30] [SEVERE ] Key 74 was pressed by player 1
[2022-12-11 19:09:30] [SEVERE ] Key 68 was pressed by player 0
[2022-12-11 19:09:30] [SEVERE ] Key 83 was pressed by player 0
[2022-12-11 19:09:30] [SEVERE ] Key 65 was pressed by player 0
[2022-12-11 19:09:30] [SEVERE ] Key 74 was pressed by player 1
[2022-12-11 19:09:30] [SEVERE ] Key 68 was pressed by player 0
[2022-12-11 19:09:30] [SEVERE ] Key 83 was pressed by player 0
[2022-12-11 19:09:30] [SEVERE ] Key 74 was pressed by player 1
[2022-12-11 19:09:30] [SEVERE ] Key 68 was pressed by player 0
[2022-12-11 19:09:30] [SEVERE ] Key 74 was pressed by player 1
[2022-12-11 19:09:30] [SEVERE ] Key 68 was pressed by player 0
[2022-12-11 19:09:30] [SEVERE ] Key 70 was pressed by player 0
[2022-12-11 19:09:30] [SEVERE ] Key 75 was pressed by player 1
[2022-12-11 19:09:30] [SEVERE ] Key 74 was pressed by player 1
