[2022-12-11 19:38:16] [INFO   ] cannot read configuration file config.properties trying from resources.
[2022-12-11 19:38:16] [INFO   ] configuration file was loaded from resources directory.
[2022-12-11 19:38:17] [INFO   ] Thread dealer starting.
[2022-12-11 19:38:17] [INFO   ] Thread Player #0 starting.
[2022-12-11 19:38:17] [INFO   ] Thread Player #1 starting.
[2022-12-11 19:38:18] [SEVERE ] placing card 32 in slot 0
[2022-12-11 19:38:18] [SEVERE ] placing card 75 in slot 1
[2022-12-11 19:38:18] [SEVERE ] placing card 35 in slot 2
[2022-12-11 19:38:18] [SEVERE ] placing card 53 in slot 3
[2022-12-11 19:38:18] [SEVERE ] placing card 19 in slot 4
[2022-12-11 19:38:18] [SEVERE ] placing card 51 in slot 5
[2022-12-11 19:38:18] [SEVERE ] placing card 69 in slot 6
[2022-12-11 19:38:18] [SEVERE ] placing card 54 in slot 7
[2022-12-11 19:38:18] [SEVERE ] placing card 29 in slot 8
[2022-12-11 19:38:19] [SEVERE ] placing card 38 in slot 9
[2022-12-11 19:38:19] [SEVERE ] placing card 47 in slot 10
[2022-12-11 19:38:19] [SEVERE ] placing card 74 in slot 11
[2022-12-11 19:38:37] [SEVERE ] Key 90 was pressed by player 0
[2022-12-11 19:38:37] [SEVERE ] player 0 placing token on slot 8
[2022-12-11 19:38:38] [SEVERE ] Key 88 was pressed by player 0
[2022-12-11 19:38:38] [SEVERE ] player 0 placing token on slot 9
[2022-12-11 19:38:38] [SEVERE ] Key 67 was pressed by player 0
[2022-12-11 19:38:38] [SEVERE ] player 0 placing token on slot 10
[2022-12-11 19:38:38] [SEVERE ] removing player 0 token from slot 8
[2022-12-11 19:38:38] [SEVERE ] removing card from slot 8
[2022-12-11 19:38:38] [SEVERE ] removing player 0 token from slot 9
[2022-12-11 19:38:38] [SEVERE ] removing card from slot 9
[2022-12-11 19:38:38] [SEVERE ] removing player 0 token from slot 10
[2022-12-11 19:38:38] [SEVERE ] removing card from slot 10
[2022-12-11 19:38:38] [SEVERE ] setting player 0 score to 1
[2022-12-11 19:38:38] [SEVERE ] setting player 0 freeze to 1000
[2022-12-11 19:38:38] [SEVERE ] placing card 68 in slot 8
[2022-12-11 19:38:38] [SEVERE ] placing card 11 in slot 9
[2022-12-11 19:38:39] [SEVERE ] placing card 3 in slot 10
