[2022-12-11 19:29:29] [INFO   ] cannot read configuration file config.properties trying from resources.
[2022-12-11 19:29:29] [INFO   ] configuration file was loaded from resources directory.
[2022-12-11 19:29:30] [INFO   ] Thread dealer starting.
[2022-12-11 19:29:30] [INFO   ] Thread Player #1 starting.
[2022-12-11 19:29:30] [INFO   ] Thread Player #0 starting.
[2022-12-11 19:29:30] [SEVERE ] placing card 79 in slot 0
[2022-12-11 19:29:30] [SEVERE ] placing card 68 in slot 1
[2022-12-11 19:29:30] [SEVERE ] placing card 15 in slot 2
[2022-12-11 19:29:30] [SEVERE ] placing card 80 in slot 3
[2022-12-11 19:29:30] [SEVERE ] placing card 36 in slot 4
[2022-12-11 19:29:30] [SEVERE ] placing card 1 in slot 5
[2022-12-11 19:29:30] [SEVERE ] placing card 35 in slot 6
[2022-12-11 19:29:31] [SEVERE ] placing card 20 in slot 7
[2022-12-11 19:29:31] [SEVERE ] placing card 61 in slot 8
[2022-12-11 19:29:31] [SEVERE ] placing card 50 in slot 9
[2022-12-11 19:29:31] [SEVERE ] placing card 21 in slot 10
[2022-12-11 19:29:31] [SEVERE ] placing card 59 in slot 11
[2022-12-11 19:29:32] [SEVERE ] Key 81 was pressed by player 0
[2022-12-11 19:29:32] [SEVERE ] player 0 placing token on slot 0
[2022-12-11 19:29:32] [SEVERE ] Key 65 was pressed by player 0
[2022-12-11 19:29:32] [SEVERE ] player 0 placing token on slot 4
[2022-12-11 19:29:32] [SEVERE ] Key 90 was pressed by player 0
[2022-12-11 19:29:32] [SEVERE ] player 0 placing token on slot 8
