[2022-12-11 19:35:07] [INFO   ] cannot read configuration file config.properties trying from resources.
[2022-12-11 19:35:07] [INFO   ] configuration file was loaded from resources directory.
[2022-12-11 19:35:08] [INFO   ] Thread dealer starting.
[2022-12-11 19:35:08] [INFO   ] Thread Player #0 starting.
[2022-12-11 19:35:08] [INFO   ] Thread Player #1 starting.
[2022-12-11 19:35:08] [SEVERE ] placing card 16 in slot 0
[2022-12-11 19:35:09] [SEVERE ] placing card 49 in slot 1
[2022-12-11 19:35:09] [SEVERE ] placing card 11 in slot 2
[2022-12-11 19:35:09] [SEVERE ] placing card 58 in slot 3
[2022-12-11 19:35:09] [SEVERE ] placing card 26 in slot 4
[2022-12-11 19:35:09] [SEVERE ] placing card 37 in slot 5
[2022-12-11 19:35:09] [SEVERE ] placing card 34 in slot 6
[2022-12-11 19:35:09] [SEVERE ] placing card 18 in slot 7
[2022-12-11 19:35:09] [SEVERE ] placing card 65 in slot 8
[2022-12-11 19:35:09] [SEVERE ] placing card 7 in slot 9
[2022-12-11 19:35:10] [SEVERE ] placing card 70 in slot 10
[2022-12-11 19:35:10] [SEVERE ] placing card 69 in slot 11
[2022-12-11 19:35:10] [SEVERE ] Key 81 was pressed by player 0
[2022-12-11 19:35:10] [SEVERE ] player 0 placing token on slot 0
[2022-12-11 19:35:10] [SEVERE ] Key 65 was pressed by player 0
[2022-12-11 19:35:10] [SEVERE ] player 0 placing token on slot 4
[2022-12-11 19:35:11] [SEVERE ] Key 90 was pressed by player 0
[2022-12-11 19:35:11] [SEVERE ] player 0 placing token on slot 8
[2022-12-11 19:35:11] [SEVERE ] setting player 0 freeze to 3000
[2022-12-11 19:35:11] [SEVERE ] Key 65 was pressed by player 0
[2022-12-11 19:35:11] [SEVERE ] Key 65 was pressed by player 0
[2022-12-11 19:35:11] [SEVERE ] Key 65 was pressed by player 0
[2022-12-11 19:35:12] [SEVERE ] Key 65 was pressed by player 0
[2022-12-11 19:35:12] [SEVERE ] Key 65 was pressed by player 0
[2022-12-11 19:35:12] [SEVERE ] Key 65 was pressed by player 0
[2022-12-11 19:35:12] [SEVERE ] Key 65 was pressed by player 0
[2022-12-11 19:35:12] [SEVERE ] Key 65 was pressed by player 0
[2022-12-11 19:35:12] [SEVERE ] Key 65 was pressed by player 0
[2022-12-11 19:35:12] [SEVERE ] Key 65 was pressed by player 0
[2022-12-11 19:35:13] [SEVERE ] Key 65 was pressed by player 0
[2022-12-11 19:35:13] [SEVERE ] Key 65 was pressed by player 0
[2022-12-11 19:35:13] [SEVERE ] Key 65 was pressed by player 0
[2022-12-11 19:35:13] [SEVERE ] Key 65 was pressed by player 0
[2022-12-11 19:35:14] [SEVERE ] Key 65 was pressed by player 0
[2022-12-11 19:35:14] [SEVERE ] Key 65 was pressed by player 0
[2022-12-11 19:35:14] [SEVERE ] Key 65 was pressed by player 0
[2022-12-11 19:35:14] [SEVERE ] Key 65 was pressed by player 0
[2022-12-11 19:35:15] [SEVERE ] Key 65 was pressed by player 0
[2022-12-11 19:35:15] [SEVERE ] Key 65 was pressed by player 0
[2022-12-11 19:35:16] [SEVERE ] Key 65 was pressed by player 0
[2022-12-11 19:35:16] [SEVERE ] Key 65 was pressed by player 0
[2022-12-11 19:35:16] [SEVERE ] Key 65 was pressed by player 0
[2022-12-11 19:35:17] [SEVERE ] Key 65 was pressed by player 0
[2022-12-11 19:35:17] [SEVERE ] Key 65 was pressed by player 0
[2022-12-11 19:35:17] [SEVERE ] removing player 0 token from slot 4
[2022-12-11 19:35:17] [SEVERE ] Key 65 was pressed by player 0
[2022-12-11 19:35:17] [SEVERE ] player 0 placing token on slot 4
[2022-12-11 19:35:17] [SEVERE ] setting player 0 freeze to 3000
[2022-12-11 19:35:17] [SEVERE ] Key 65 was pressed by player 0
[2022-12-11 19:35:17] [SEVERE ] Key 65 was pressed by player 0
[2022-12-11 19:35:17] [SEVERE ] Key 65 was pressed by player 0
[2022-12-11 19:35:18] [SEVERE ] Key 65 was pressed by player 0
[2022-12-11 19:35:18] [SEVERE ] Key 65 was pressed by player 0
[2022-12-11 19:35:18] [SEVERE ] Key 81 was pressed by player 0
[2022-12-11 19:35:18] [SEVERE ] Key 81 was pressed by player 0
[2022-12-11 19:35:19] [SEVERE ] Key 81 was pressed by player 0
[2022-12-11 19:35:19] [SEVERE ] Key 90 was pressed by player 0
[2022-12-11 19:35:19] [SEVERE ] Key 90 was pressed by player 0
[2022-12-11 19:35:19] [SEVERE ] Key 90 was pressed by player 0
[2022-12-11 19:35:19] [SEVERE ] Key 65 was pressed by player 0
[2022-12-11 19:35:20] [SEVERE ] Key 65 was pressed by player 0
[2022-12-11 19:35:22] [SEVERE ] Key 90 was pressed by player 0
[2022-12-11 19:35:22] [SEVERE ] removing player 0 token from slot 0
[2022-12-11 19:35:23] [SEVERE ] Key 90 was pressed by player 0
[2022-12-11 19:35:24] [SEVERE ] Key 81 was pressed by player 0
[2022-12-11 19:35:24] [SEVERE ] Key 81 was pressed by player 0
