[2022-12-11 19:48:28] [INFO   ] cannot read configuration file config.properties trying from resources.
[2022-12-11 19:48:28] [INFO   ] configuration file was loaded from resources directory.
[2022-12-11 19:48:29] [INFO   ] Thread dealer starting.
[2022-12-11 19:48:29] [INFO   ] Thread Player #0 starting.
[2022-12-11 19:48:29] [INFO   ] Thread Player #1 starting.
[2022-12-11 19:48:29] [SEVERE ] placing card 61 in slot 0
[2022-12-11 19:48:29] [SEVERE ] placing card 55 in slot 1
[2022-12-11 19:48:30] [SEVERE ] placing card 35 in slot 2
[2022-12-11 19:48:30] [SEVERE ] placing card 20 in slot 3
[2022-12-11 19:48:30] [SEVERE ] placing card 11 in slot 4
[2022-12-11 19:48:30] [SEVERE ] placing card 5 in slot 5
[2022-12-11 19:48:30] [SEVERE ] placing card 77 in slot 6
[2022-12-11 19:48:30] [SEVERE ] placing card 64 in slot 7
[2022-12-11 19:48:30] [SEVERE ] placing card 44 in slot 8
[2022-12-11 19:48:30] [SEVERE ] placing card 15 in slot 9
[2022-12-11 19:48:30] [SEVERE ] placing card 27 in slot 10
[2022-12-11 19:48:31] [SEVERE ] placing card 12 in slot 11
[2022-12-11 19:48:57] [SEVERE ] Key 82 was pressed by player 0
[2022-12-11 19:48:57] [SEVERE ] player 0 placing token on slot 3
[2022-12-11 19:49:01] [SEVERE ] Key 67 was pressed by player 0
[2022-12-11 19:49:01] [SEVERE ] player 0 placing token on slot 10
[2022-12-11 19:49:02] [SEVERE ] Key 86 was pressed by player 0
[2022-12-11 19:49:02] [SEVERE ] player 0 placing token on slot 11
[2022-12-11 19:49:02] [SEVERE ] setting player 0 freeze to 3000
[2022-12-11 19:49:13] [SEVERE ] Key 86 was pressed by player 0
[2022-12-11 19:49:13] [SEVERE ] removing player 0 token from slot 11
[2022-12-11 19:49:15] [SEVERE ] Key 70 was pressed by player 0
[2022-12-11 19:49:15] [SEVERE ] player 0 placing token on slot 7
[2022-12-11 19:49:15] [SEVERE ] removing player 0 token from slot 3
[2022-12-11 19:49:15] [SEVERE ] removing card from slot 3
[2022-12-11 19:49:15] [SEVERE ] removing player 0 token from slot 10
[2022-12-11 19:49:15] [SEVERE ] removing card from slot 10
[2022-12-11 19:49:15] [SEVERE ] removing player 0 token from slot 7
[2022-12-11 19:49:15] [SEVERE ] removing card from slot 7
[2022-12-11 19:49:15] [SEVERE ] setting player 0 score to 1
[2022-12-11 19:49:15] [SEVERE ] setting player 0 freeze to 1000
[2022-12-11 19:49:15] [SEVERE ] placing card 33 in slot 3
[2022-12-11 19:49:15] [SEVERE ] placing card 79 in slot 7
[2022-12-11 19:49:15] [SEVERE ] placing card 14 in slot 10
