[2022-12-11 19:33:05] [INFO   ] cannot read configuration file config.properties trying from resources.
[2022-12-11 19:33:05] [INFO   ] configuration file was loaded from resources directory.
[2022-12-11 19:33:06] [INFO   ] Thread dealer starting.
[2022-12-11 19:33:06] [INFO   ] Thread Player #0 starting.
[2022-12-11 19:33:06] [INFO   ] Thread Player #1 starting.
[2022-12-11 19:33:06] [SEVERE ] placing card 51 in slot 0
[2022-12-11 19:33:06] [SEVERE ] placing card 4 in slot 1
[2022-12-11 19:33:07] [SEVERE ] placing card 22 in slot 2
[2022-12-11 19:33:07] [SEVERE ] placing card 28 in slot 3
[2022-12-11 19:33:07] [SEVERE ] placing card 56 in slot 4
[2022-12-11 19:33:07] [SEVERE ] placing card 43 in slot 5
[2022-12-11 19:33:07] [SEVERE ] placing card 35 in slot 6
[2022-12-11 19:33:07] [SEVERE ] placing card 17 in slot 7
[2022-12-11 19:33:07] [SEVERE ] placing card 18 in slot 8
[2022-12-11 19:33:07] [SEVERE ] placing card 52 in slot 9
[2022-12-11 19:33:07] [SEVERE ] placing card 37 in slot 10
[2022-12-11 19:33:08] [SEVERE ] placing card 58 in slot 11
[2022-12-11 19:33:10] [SEVERE ] Key 81 was pressed by player 0
[2022-12-11 19:33:10] [SEVERE ] player 0 placing token on slot 0
[2022-12-11 19:33:10] [SEVERE ] Key 65 was pressed by player 0
[2022-12-11 19:33:10] [SEVERE ] player 0 placing token on slot 4
[2022-12-11 19:33:10] [SEVERE ] Key 90 was pressed by player 0
[2022-12-11 19:33:10] [SEVERE ] player 0 placing token on slot 8
[2022-12-11 19:33:10] [INFO   ] Thread main terminated.
