[2022-12-11 19:23:50] [INFO   ] cannot read configuration file config.properties trying from resources.
[2022-12-11 19:23:50] [INFO   ] configuration file was loaded from resources directory.
[2022-12-11 19:23:51] [INFO   ] Thread dealer starting.
[2022-12-11 19:23:51] [INFO   ] Thread Player #0 starting.
[2022-12-11 19:23:51] [INFO   ] Thread Player #1 starting.
[2022-12-11 19:23:51] [SEVERE ] placing card 61 in slot 0
[2022-12-11 19:23:51] [SEVERE ] placing card 28 in slot 1
[2022-12-11 19:23:51] [SEVERE ] placing card 35 in slot 2
[2022-12-11 19:23:51] [SEVERE ] placing card 80 in slot 3
[2022-12-11 19:23:51] [SEVERE ] placing card 3 in slot 4
[2022-12-11 19:23:51] [SEVERE ] placing card 49 in slot 5
[2022-12-11 19:23:51] [SEVERE ] placing card 71 in slot 6
[2022-12-11 19:23:51] [SEVERE ] placing card 8 in slot 7
[2022-12-11 19:23:52] [SEVERE ] placing card 69 in slot 8
[2022-12-11 19:23:52] [SEVERE ] placing card 44 in slot 9
[2022-12-11 19:23:52] [SEVERE ] placing card 54 in slot 10
[2022-12-11 19:23:52] [SEVERE ] placing card 68 in slot 11
[2022-12-11 19:23:54] [SEVERE ] Key 69 was pressed by player 0
[2022-12-11 19:23:56] [SEVERE ] Key 81 was pressed by player 0
[2022-12-11 19:23:56] [SEVERE ] Key 65 was pressed by player 0
[2022-12-11 19:23:57] [SEVERE ] Key 83 was pressed by player 0
[2022-12-11 19:23:58] [SEVERE ] Key 68 was pressed by player 0
